<?xml version="1.0" encoding="UTF-8"?>
<testng-results ignored="0" total="1" passed="1" failed="0" skipped="0">
  <reporter-output>
    <line>
      <![CDATA[Extent Report DirectoryC:\Users\Quazi\IdeaProjects\Shuvro\BootCampSelenium\LesKodeIt\target\surefire-reports\html]]>
    </line>
  </reporter-output>
  <suite started-at="2020-02-21T20:47:21 EST" name="testhomepage.TestHomepage" finished-at="2020-02-21T20:47:41 EST" duration-ms="19331">
    <groups>
    </groups>
    <test started-at="2020-02-21T20:47:21 EST" name="Command line test" finished-at="2020-02-21T20:47:41 EST" duration-ms="19331">
      <class name="testhomepage.TestHomepage">
        <test-method is-config="true" signature="extentSetup(org.testng.ITestContext)[pri:0, instance:testhomepage.TestHomepage@1ee807c6]" started-at="2020-02-21T20:47:21 EST" name="extentSetup" finished-at="2020-02-21T20:47:21 EST" duration-ms="203" status="PASS">
          <params>
            <param index="0">
              <value>
                <![CDATA[org.testng.TestRunner@66f66866]]>
              </value>
            </param>
          </params>
          <reporter-output>
            <line>
              <![CDATA[Extent Report DirectoryC:\Users\Quazi\IdeaProjects\Shuvro\BootCampSelenium\LesKodeIt\target\surefire-reports\html]]>
            </line>
          </reporter-output>
        </test-method> <!-- extentSetup -->
        <test-method is-config="true" signature="setUp(boolean, java.lang.String, java.lang.String, java.lang.String, java.lang.String, java.lang.String, java.lang.String)[pri:0, instance:testhomepage.TestHomepage@1ee807c6]" started-at="2020-02-21T20:47:22 EST" name="setUp" finished-at="2020-02-21T20:47:35 EST" duration-ms="13020" status="PASS">
          <params>
            <param index="0">
              <value>
                <![CDATA[false]]>
              </value>
            </param>
            <param index="1">
              <value>
                <![CDATA[false]]>
              </value>
            </param>
            <param index="2">
              <value>
                <![CDATA[windows]]>
              </value>
            </param>
            <param index="3">
              <value>
                <![CDATA[10]]>
              </value>
            </param>
            <param index="4">
              <value>
                <![CDATA[chrome-options]]>
              </value>
            </param>
            <param index="5">
              <value>
                <![CDATA[34]]>
              </value>
            </param>
            <param index="6">
              <value>
                <![CDATA[https://learn.letskodeit.com/p/practice]]>
              </value>
            </param>
          </params>
          <reporter-output>
          </reporter-output>
        </test-method> <!-- setUp -->
        <test-method is-config="true" signature="startExtent(java.lang.reflect.Method)[pri:0, instance:testhomepage.TestHomepage@1ee807c6]" started-at="2020-02-21T20:47:35 EST" name="startExtent" finished-at="2020-02-21T20:47:35 EST" duration-ms="16" status="PASS">
          <params>
            <param index="0">
              <value>
                <![CDATA[public void testhomepage.TestHomepage.testiFrame() throws java.io.IOException,java.lang.InterruptedException]]>
              </value>
            </param>
          </params>
          <reporter-output>
          </reporter-output>
        </test-method> <!-- startExtent -->
        <test-method signature="testiFrame()[pri:0, instance:testhomepage.TestHomepage@1ee807c6]" started-at="2020-02-21T20:47:35 EST" name="testiFrame" finished-at="2020-02-21T20:47:39 EST" duration-ms="4930" status="PASS">
          <reporter-output>
          </reporter-output>
        </test-method> <!-- testiFrame -->
        <test-method is-config="true" signature="afterEachTestMethod(org.testng.ITestResult)[pri:0, instance:testhomepage.TestHomepage@1ee807c6]" started-at="2020-02-21T20:47:39 EST" name="afterEachTestMethod" finished-at="2020-02-21T20:47:41 EST" duration-ms="1346" status="PASS">
          <params>
            <param index="0">
              <value>
                <![CDATA[[TestResult name=testiFrame status=SUCCESS method=TestHomepage.testiFrame()[pri:0, instance:testhomepage.TestHomepage@1ee807c6] output={null}]]]>
              </value>
            </param>
          </params>
          <reporter-output>
          </reporter-output>
        </test-method> <!-- afterEachTestMethod -->
        <test-method is-config="true" signature="cleanUp()[pri:0, instance:testhomepage.TestHomepage@1ee807c6]" started-at="2020-02-21T20:47:41 EST" name="cleanUp" finished-at="2020-02-21T20:47:41 EST" duration-ms="0" status="PASS">
          <reporter-output>
          </reporter-output>
        </test-method> <!-- cleanUp -->
        <test-method is-config="true" signature="generateReport()[pri:0, instance:testhomepage.TestHomepage@1ee807c6]" started-at="2020-02-21T20:47:41 EST" name="generateReport" finished-at="2020-02-21T20:47:41 EST" duration-ms="31" status="PASS">
          <reporter-output>
          </reporter-output>
        </test-method> <!-- generateReport -->
      </class> <!-- testhomepage.TestHomepage -->
    </test> <!-- Command line test -->
  </suite> <!-- testhomepage.TestHomepage -->
</testng-results>
